#
# There is insufficient memory for the Java Runtime Environment to continue.
# Native memory allocation (malloc) failed to allocate 1048576 bytes for AllocateHeap
# Possible reasons:
#   The system is out of physical RAM or swap space
#   The process is running with CompressedOops enabled, and the Java Heap may be blocking the growth of the native heap
# Possible solutions:
#   Reduce memory load on the system
#   Increase physical memory or swap space
#   Check if swap backing store is full
#   Decrease Java heap size (-Xmx/-Xms)
#   Decrease number of Java threads
#   Decrease Java thread stack sizes (-Xss)
#   Set larger code cache with -XX:ReservedCodeCacheSize=
#   JVM is running with Unscaled Compressed Oops mode in which the Java heap is
#     placed in the first 4GB address space. The Java Heap base address is the
#     maximum limit for the native heap growth. Please use -XX:HeapBaseMinAddress
#     to set the Java Heap base and to place the Java Heap above 4GB virtual address.
# This output file may be truncated or incomplete.
#
#  Out of Memory Error (allocation.cpp:44), pid=97192, tid=106992
#
# JRE version:  (17.0.9+11) (build )
# Java VM: Java HotSpot(TM) 64-Bit Server VM (17.0.9+11-LTS-201, mixed mode, emulated-client, sharing, tiered, compressed oops, compressed class ptrs, g1 gc, windows-amd64)
# No core dump will be written. Minidumps are not enabled by default on client versions of Windows
#

---------------  S U M M A R Y ------------

Command Line: -XX:TieredStopAtLevel=1 -Dspring.output.ansi.enabled=always -Dcom.sun.management.jmxremote -Dspring.jmx.enabled=true -Dspring.liveBeansView.mbeanDomain -Dspring.application.admin.enabled=true -Dmanagement.endpoints.jmx.exposure.include=* -javaagent:C:\Program Files\JetBrains\IntelliJ IDEA 2023.2.2\lib\idea_rt.jar=62536:C:\Program Files\JetBrains\IntelliJ IDEA 2023.2.2\bin -Dfile.encoding=UTF-8 com.example.eurekaserver.EurekaServerApplication

Host: Intel(R) Core(TM) i5-10300H CPU @ 2.50GHz, 8 cores, 7G,  Windows 10 , 64 bit Build 19041 (10.0.19041.5438)
Time: Tue Apr  8 10:43:16 2025 Afr. centrale Ouest elapsed time: 0.025790 seconds (0d 0h 0m 0s)

---------------  T H R E A D  ---------------

Current thread (0x00000237787fd010):  JavaThread "Unknown thread" [_thread_in_vm, id=106992, stack(0x000000e48bb00000,0x000000e48bc00000)]

Stack: [0x000000e48bb00000,0x000000e48bc00000]
Native frames: (J=compiled Java code, j=interpreted, Vv=VM code, C=native code)
V  [jvm.dll+0x678a4a]
V  [jvm.dll+0x7d9cfd]
V  [jvm.dll+0x7db60e]
V  [jvm.dll+0x7dbc73]
V  [jvm.dll+0x245e1f]
V  [jvm.dll+0xa5173]
V  [jvm.dll+0x2e389e]
V  [jvm.dll+0x2db5bb]
V  [jvm.dll+0x7ab6b1]
V  [jvm.dll+0x368041]
V  [jvm.dll+0x78a749]
V  [jvm.dll+0x3ebd4f]
V  [jvm.dll+0x3ed7d1]
C  [jli.dll+0x5297]
C  [ucrtbase.dll+0x21bb2]
C  [KERNEL32.DLL+0x17374]
C  [ntdll.dll+0x4cc91]


---------------  P R O C E S S  ---------------

Threads class SMR info:
_java_thread_list=0x00007fff907589d8, length=0, elements={
}

Java Threads: ( => current thread )

Other Threads:
  0x0000023778856900 GCTaskThread "GC Thread#0" [stack: 0x000000e48bc00000,0x000000e48bd00000] [id=86612]

[error occurred during error reporting (printing all threads), id 0xc0000005, EXCEPTION_ACCESS_VIOLATION (0xc0000005) at pc=0x00007fff8ff88810]

VM state: not at safepoint (not fully initialized)

VM Mutex/Monitor currently owned by a thread:  ([mutex/lock_event])
[0x00000237787f7660] Heap_lock - owner thread: 0x00000237787fd010

Heap address: 0x0000000083600000, size: 1994 MB, Compressed Oops mode: 32-bit

CDS archive(s) mapped at: [0x0000000000000000-0x0000000000000000-0x0000000000000000), size 0, SharedBaseAddress: 0x0000000800000000, ArchiveRelocationMode: 1.
Narrow klass base: 0x0000000000000000, Narrow klass shift: 0, Narrow klass range: 0x0

GC Precious Log:
<Empty>

Heap:
 garbage-first heap   total 0K, used 0K [0x0000000083600000, 0x0000000100000000)
  region size 1024K, 0 young (0K), 0 survivors (0K)

[error occurred during error reporting (printing heap information), id 0xc0000005, EXCEPTION_ACCESS_VIOLATION (0xc0000005) at pc=0x00007fff90372229]

GC Heap History (0 events):
No events

Deoptimization events (0 events):
No events

Classes unloaded (0 events):
No events

Classes redefined (0 events):
No events

Internal exceptions (0 events):
No events

VM Operations (0 events):
No events

Events (1 events):
Event: 0.018 Loaded shared library C:\Users\gaidi\jdk-17.0.9\bin\java.dll


Dynamic libraries:
0x00007ff658e60000 - 0x00007ff658e70000 	C:\Users\gaidi\jdk-17.0.9\bin\java.exe
0x00007ff830ef0000 - 0x00007ff8310e8000 	C:\windows\SYSTEM32\ntdll.dll
0x00007ff82f590000 - 0x00007ff82f652000 	C:\windows\System32\KERNEL32.DLL
0x00007ff82eae0000 - 0x00007ff82eddf000 	C:\windows\System32\KERNELBASE.dll
0x00007ff82e680000 - 0x00007ff82e780000 	C:\windows\System32\ucrtbase.dll
0x00007ff806520000 - 0x00007ff806539000 	C:\Users\gaidi\jdk-17.0.9\bin\jli.dll
0x00007ff8065e0000 - 0x00007ff8065fb000 	C:\Users\gaidi\jdk-17.0.9\bin\VCRUNTIME140.dll
0x00007ff830740000 - 0x00007ff8307ef000 	C:\windows\System32\ADVAPI32.dll
0x00007ff82f040000 - 0x00007ff82f0de000 	C:\windows\System32\msvcrt.dll
0x00007ff830950000 - 0x00007ff8309ef000 	C:\windows\System32\sechost.dll
0x00007ff82ef10000 - 0x00007ff82f033000 	C:\windows\System32\RPCRT4.dll
0x00007ff82ee50000 - 0x00007ff82ee77000 	C:\windows\System32\bcrypt.dll
0x00007ff830c90000 - 0x00007ff830e2d000 	C:\windows\System32\USER32.dll
0x00007ff8115c0000 - 0x00007ff81185a000 	C:\windows\WinSxS\amd64_microsoft.windows.common-controls_6595b64144ccf1df_6.0.19041.4355_none_60b8b9eb71f62e16\COMCTL32.dll
0x00007ff82e8a0000 - 0x00007ff82e8c2000 	C:\windows\System32\win32u.dll
0x00007ff830910000 - 0x00007ff83093b000 	C:\windows\System32\GDI32.dll
0x00007ff82e780000 - 0x00007ff82e89a000 	C:\windows\System32\gdi32full.dll
0x00007ff82e5e0000 - 0x00007ff82e67d000 	C:\windows\System32\msvcp_win.dll
0x00007ff826e50000 - 0x00007ff826e5a000 	C:\windows\SYSTEM32\VERSION.dll
0x00007ff82f660000 - 0x00007ff82f68f000 	C:\windows\System32\IMM32.DLL
0x00007ff82b260000 - 0x00007ff82b26c000 	C:\Users\gaidi\jdk-17.0.9\bin\vcruntime140_1.dll
0x00007ffffa1e0000 - 0x00007ffffa26e000 	C:\Users\gaidi\jdk-17.0.9\bin\msvcp140.dll
0x00007fff8fca0000 - 0x00007fff90881000 	C:\Users\gaidi\jdk-17.0.9\bin\server\jvm.dll
0x00007ff830940000 - 0x00007ff830948000 	C:\windows\System32\PSAPI.DLL
0x00007ff81c760000 - 0x00007ff81c787000 	C:\windows\SYSTEM32\WINMM.dll
0x00007ff826010000 - 0x00007ff826019000 	C:\windows\SYSTEM32\WSOCK32.dll
0x00007ff82f520000 - 0x00007ff82f58b000 	C:\windows\System32\WS2_32.dll
0x00007ff82cd70000 - 0x00007ff82cd82000 	C:\windows\SYSTEM32\kernel.appcore.dll
0x00007ff82a6b0000 - 0x00007ff82a6ba000 	C:\Users\gaidi\jdk-17.0.9\bin\jimage.dll
0x00007ff82c2d0000 - 0x00007ff82c4b4000 	C:\windows\SYSTEM32\DBGHELP.DLL
0x00007ff80b250000 - 0x00007ff80b284000 	C:\windows\SYSTEM32\dbgcore.DLL
0x00007ff82ee80000 - 0x00007ff82ef02000 	C:\windows\System32\bcryptPrimitives.dll
0x00007ff82a6e0000 - 0x00007ff82a6ee000 	C:\Users\gaidi\jdk-17.0.9\bin\instrument.dll
0x00007ff8044c0000 - 0x00007ff8044e5000 	C:\Users\gaidi\jdk-17.0.9\bin\java.dll

dbghelp: loaded successfully - version: 4.0.5 - missing functions: none
symbol engine: initialized successfully - sym options: 0x614 - pdb path: .;C:\Users\gaidi\jdk-17.0.9\bin;C:\windows\SYSTEM32;C:\windows\WinSxS\amd64_microsoft.windows.common-controls_6595b64144ccf1df_6.0.19041.4355_none_60b8b9eb71f62e16;C:\Users\gaidi\jdk-17.0.9\bin\server

VM Arguments:
jvm_args: -XX:TieredStopAtLevel=1 -Dspring.output.ansi.enabled=always -Dcom.sun.management.jmxremote -Dspring.jmx.enabled=true -Dspring.liveBeansView.mbeanDomain -Dspring.application.admin.enabled=true -Dmanagement.endpoints.jmx.exposure.include=* -javaagent:C:\Program Files\JetBrains\IntelliJ IDEA 2023.2.2\lib\idea_rt.jar=62536:C:\Program Files\JetBrains\IntelliJ IDEA 2023.2.2\bin -Dfile.encoding=UTF-8 
java_command: com.example.eurekaserver.EurekaServerApplication
java_class_path (initial): C:\Users\gaidi\OneDrive\Bureau\EurekaServer\target\classes;C:\Users\gaidi\.m2\repository\org\springframework\cloud\spring-cloud-starter-netflix-eureka-server\4.2.1\spring-cloud-starter-netflix-eureka-server-4.2.1.jar;C:\Users\gaidi\.m2\repository\org\springframework\cloud\spring-cloud-starter\4.2.1\spring-cloud-starter-4.2.1.jar;C:\Users\gaidi\.m2\repository\org\springframework\cloud\spring-cloud-context\4.2.1\spring-cloud-context-4.2.1.jar;C:\Users\gaidi\.m2\repository\org\springframework\security\spring-security-crypto\6.4.4\spring-security-crypto-6.4.4.jar;C:\Users\gaidi\.m2\repository\org\springframework\cloud\spring-cloud-commons\4.2.1\spring-cloud-commons-4.2.1.jar;C:\Users\gaidi\.m2\repository\org\bouncycastle\bcprov-jdk18on\1.78.1\bcprov-jdk18on-1.78.1.jar;C:\Users\gaidi\.m2\repository\org\springframework\cloud\spring-cloud-netflix-eureka-server\4.2.1\spring-cloud-netflix-eureka-server-4.2.1.jar;C:\Users\gaidi\.m2\repository\org\springframework\boot\spring-boot-starter-web\3.4.4\spring-boot-starter-web-3.4.4.jar;C:\Users\gaidi\.m2\repository\org\springframework\boot\spring-boot-starter-json\3.4.4\spring-boot-starter-json-3.4.4.jar;C:\Users\gaidi\.m2\repository\com\fasterxml\jackson\datatype\jackson-datatype-jdk8\2.18.3\jackson-datatype-jdk8-2.18.3.jar;C:\Users\gaidi\.m2\repository\com\fasterxml\jackson\datatype\jackson-datatype-jsr310\2.18.3\jackson-datatype-jsr310-2.18.3.jar;C:\Users\gaidi\.m2\repository\com\fasterxml\jackson\module\jackson-module-parameter-names\2.18.3\jackson-module-parameter-names-2.18.3.jar;C:\Users\gaidi\.m2\repository\org\springframework\boot\spring-boot-starter-tomcat\3.4.4\spring-boot-starter-tomcat-3.4.4.jar;C:\Users\gaidi\.m2\repository\org\apache\tomcat\embed\tomcat-embed-core\10.1.39\tomcat-embed-core-10.1.39.jar;C:\Users\gaidi\.m2\repository\org\apache\tomcat\embed\tomcat-embed-el\10.1.39\tomcat-embed-el-10.1.39.jar;C:\Users\gaidi\.m2\repository\org\apache\tomcat\embed\tomcat-embed-websocket\10.1.39
Launcher Type: SUN_STANDARD

[Global flags]
     intx CICompilerCount                          = 4                                         {product} {ergonomic}
     uint ConcGCThreads                            = 2                                         {product} {ergonomic}
     uint G1ConcRefinementThreads                  = 8                                         {product} {ergonomic}
   size_t G1HeapRegionSize                         = 1048576                                   {product} {ergonomic}
    uintx GCDrainStackTargetSize                   = 64                                        {product} {ergonomic}
   size_t InitialHeapSize                          = 132120576                                 {product} {ergonomic}
     bool ManagementServer                         = true                                      {product} {command line}
   size_t MarkStackSize                            = 4194304                                   {product} {ergonomic}
   size_t MaxHeapSize                              = 2090860544                                {product} {ergonomic}
   size_t MinHeapDeltaBytes                        = 1048576                                   {product} {ergonomic}
   size_t MinHeapSize                              = 8388608                                   {product} {ergonomic}
    uintx NonProfiledCodeHeapSize                  = 0                                      {pd product} {ergonomic}
     bool ProfileInterpreter                       = false                                  {pd product} {command line}
    uintx ProfiledCodeHeapSize                     = 0                                      {pd product} {ergonomic}
   size_t SoftMaxHeapSize                          = 2090860544                             {manageable} {ergonomic}
     intx TieredStopAtLevel                        = 1                                         {product} {command line}
     bool UseCompressedClassPointers               = true                           {product lp64_product} {ergonomic}
     bool UseCompressedOops                        = true                           {product lp64_product} {ergonomic}
     bool UseG1GC                                  = true                                      {product} {ergonomic}
     bool UseLargePagesIndividualAllocation        = false                                  {pd product} {ergonomic}

Logging:
Log output configuration:
 #0: stdout all=warning uptime,level,tags
 #1: stderr all=off uptime,level,tags

Environment Variables:
JAVA_HOME=C:\Users\gaidi\jdk-17.0.9
PATH=C:\Program Files (x86)\VMware\VMware Workstation\bin\;C:\oraclexe\app\oracle\product\11.2.0\server\bin;C:\xampp\php;C:\oraclexe\app\oracle\product\11.2.0\server\bin;C:\oraclexe\app\oracle\product\11.2.0\server\bin;C:\oraclexe\app\oracle\product\11.2.0\server\bin;C:\oraclexe\app\oracle\product\11.2.0\server;C:\instantclient12_2;C:\oraclexe\app\oracle\product\11.2.0\server\network\ADMIN;C:\oraclexe;C:\oraclexe\app\oracle\admin\XE;C:\Users\gaidi\.jdks;C:\composer;C:\Program Files\Git\cmd;C:\Program Files\nodejs\;C:\Program Files\Microsoft SQL Server\150\Tools\Binn\;C:\Program Files\Microsoft SQL Server\Client SDK\ODBC\170\Tools\Binn\;C:\Program Files\dotnet\;C:\php74;C:\xampp\php;C:\oraclexe\app\oracle\product\11.2.0\server\bin;C:\oraclexe\app\oracle\product\11.2.0\server\bin;C:\oraclexe\app\oracle\product\11.2.0\server\bin;C:\oraclexe\app\oracle\product\11.2.0\server;C:\instantclient12_2;C:\oraclexe\app\oracle\product\11.2.0\server\network\ADMIN;C:\oraclexe;C:\oraclexe\app\oracle\admin\XE;C:\Program Files\TortoiseGit\bin;C:\Program Files\nodejs\;C:\Users\gaidi\.jdks;C:\composer;C:\Program Files\Git\cmd;C:\Users\gaidi\scoop\shims;C:\xampp\php;C:\Users\gaidi\.jdks\jbr-17.0.8.1-2\bin;C:\Users\gaidi\AppData\Roaming\Composer\vendor\bin;C:\Windows\System32;C:\composer;C:\Users\gaidi\.jdks\jbr-17.0.8.1-2\bin;C:\Users\gaidi\jdk-17.0.9\bin;C:\Users\gaidi\AppData\Roaming\npm;C:\Users\gaidi\Downloads\bigdata\bigdata\DatabaseTools\bin;C:\Program Files\MongoDB\Server\5.0\bin;C:\Users\gaidi\AppData\Local\Programs\Microsoft VS Code\bin;C:\Users\gaidi\.dotnet\tools;C:\Users\gaidi\AppData\Local\Programs\cursor\resources\app\bin
USERNAME=gaidi
OS=Windows_NT
PROCESSOR_IDENTIFIER=Intel64 Family 6 Model 165 Stepping 2, GenuineIntel



---------------  S Y S T E M  ---------------

OS:
 Windows 10 , 64 bit Build 19041 (10.0.19041.5438)
OS uptime: 10 days 14:00 hours
Hyper-V role detected

CPU: total 8 (initial active 8) (4 cores per cpu, 2 threads per core) family 6 model 165 stepping 2 microcode 0xf0, cx8, cmov, fxsr, ht, mmx, 3dnowpref, sse, sse2, sse3, ssse3, sse4.1, sse4.2, popcnt, lzcnt, tsc, tscinvbit, avx, avx2, aes, erms, clmul, bmi1, bmi2, adx, fma, vzeroupper, clflush, clflushopt, hv

Memory: 4k page, system-wide physical 7968M (280M free)
TotalPageFile size 32544M (AvailPageFile size 5M)
current process WorkingSet (physical memory assigned to process): 10M, peak: 10M
current process commit charge ("private bytes"): 50M, peak: 51M

vm_info: Java HotSpot(TM) 64-Bit Server VM (17.0.9+11-LTS-201) for windows-amd64 JRE (17.0.9+11-LTS-201), built on Oct 10 2023 23:16:06 by "mach5one" with MS VC++ 17.1 (VS2022)

END.
